Arguments: 
  C:\Program Files\nodejs\node.exe C:\Users\maxdr\AppData\Roaming\npm\node_modules\yarn\bin\yarn.js add @types/react-hook-form

PATH: 
  C:\Users\maxdr\bin;C:\Program Files\Git\mingw64\bin;C:\Program Files\Git\usr\local\bin;C:\Program Files\Git\usr\bin;C:\Program Files\Git\usr\bin;C:\Program Files\Git\mingw64\bin;C:\Program Files\Git\usr\bin;C:\Users\maxdr\bin;C:\Python310\Scripts;C:\Python310;C:\Program Files (x86)\Common Files\Oracle\Java\javapath;C:\Windows\system32;C:\Windows;C:\Windows\System32\Wbem;C:\Windows\System32\WindowsPowerShell\v1.0;C:\Windows\System32\OpenSSH;C:\ProgramData\chocolatey\bin;C:\Program Files\Git\cmd;C:\Program Files\NVIDIA Corporation\NVIDIA NvDLISR;C:\Program Files (x86)\NVIDIA Corporation\PhysX\Common;C:\Program Files\OpenJDK\openjdk-11.0.14.1_1\bin;C:\Program Files\nodejs;C:\Users\maxdr\AppData\Local\Microsoft\WindowsApps;C:\Users\maxdr\AppData\Local\Programs\Microsoft VS Code\bin;C:\Users\maxdr\AppData\Local\Android\Sdk\platform-tools;C:\Users\maxdr\AppData\Roaming\npm;C:\Program Files\Git\usr\bin\vendor_perl;C:\Program Files\Git\usr\bin\core_perl

Yarn version: 
  1.22.17

Node version: 
  16.15.0

Platform: 
  win32 x64

Trace: 
  Error: https://registry.yarnpkg.com/@types%2freact-hook-form: Not found
      at Request.params.callback [as _callback] (C:\Users\maxdr\AppData\Roaming\npm\node_modules\yarn\lib\cli.js:67029:18)
      at Request.self.callback (C:\Users\maxdr\AppData\Roaming\npm\node_modules\yarn\lib\cli.js:140883:22)
      at Request.emit (node:events:527:28)
      at Request.<anonymous> (C:\Users\maxdr\AppData\Roaming\npm\node_modules\yarn\lib\cli.js:141855:10)
      at Request.emit (node:events:527:28)
      at IncomingMessage.<anonymous> (C:\Users\maxdr\AppData\Roaming\npm\node_modules\yarn\lib\cli.js:141777:12)
      at Object.onceWrapper (node:events:641:28)
      at IncomingMessage.emit (node:events:539:35)
      at endReadableNT (node:internal/streams/readable:1345:12)
      at processTicksAndRejections (node:internal/process/task_queues:83:21)

npm manifest: 
  {
    "type": "module",
    "name": "Financy",
    "version": "0.0.1",
    "description": "",
    "private": true,
    "devDependencies": {
      "@babel/core": "^7.16.10",
      "@babel/plugin-transform-modules-commonjs": "^7.16.8",
      "@babel/plugin-transform-runtime": "^7.16.10",
      "@babel/preset-env": "^7.16.10",
      "@babel/preset-react": "^7.16.7",
      "@babel/preset-typescript": "^7.16.7",
      "@emotion/react": "^11.7.1",
      "@emotion/styled": "^11.6.0",
      "@material-ui/core": "^4.12.3",
      "@mui/icons-material": "^5.3.0",
      "@mui/material": "^5.3.0",
      "@mui/styles": "^5.3.0",
      "@mui/system": "^5.3.0",
      "@mui/x-data-grid": "^5.2.2",
      "@types/bcrypt": "^5.0.0",
      "@types/config": "0.0.41",
      "@types/cors": "^2.8.12",
      "@types/express": "^4.17.13",
      "@types/express-ws": "^3.0.1",
      "@types/jsonwebtoken": "^8.5.8",
      "@types/nightmare": "^2.10.6",
      "@types/node": "^17.0.10",
      "@types/node-telegram-bot-api": "^0.56.2",
      "@types/react": "^17.0.38",
      "@types/react-beautiful-dnd": "^13.1.2",
      "@types/react-dom": "^17.0.11",
      "@types/react-redux": "^7.1.22",
      "@types/react-router-dom": "^5.3.3",
      "@types/redux-mock-store": "^1.0.3",
      "@typescript-eslint/eslint-plugin": "^5.10.0",
      "@typescript-eslint/parser": "^5.10.0",
      "babel-loader": "^8.2.3",
      "bcrypt": "^5.0.1",
      "bcryptjs": "^2.4.3",
      "cheerio": "^1.0.0-rc.10",
      "clean-webpack-plugin": "^4.0.0",
      "concurrently": "^7.0.0",
      "config": "^3.3.7",
      "copy-webpack-plugin": "^10.2.1",
      "cors": "^2.8.5",
      "cross-env": "^7.0.3",
      "css-loader": "^6.5.1",
      "eslint": "^8.7.0",
      "express": "^4.17.2",
      "express-validator": "^6.14.0",
      "file-loader": "^6.2.0",
      "html-webpack-plugin": "^5.5.0",
      "husky": "^7.0.4",
      "json-server": "^0.17.0",
      "jsonwebtoken": "^8.5.1",
      "lint-staged": "^12.2.1",
      "mini-css-extract-plugin": "^2.5.2",
      "mongoose": "^6.1.7",
      "nightmare": "^2.8.0",
      "nodemon": "^2.0.15",
      "optimize-css-assets-webpack-plugin": "^6.0.1",
      "react-redux": "^7.2.6",
      "react-router-dom": "^6.2.1",
      "sass": "^1.49.0",
      "sass-loader": "^12.4.0",
      "terser-webpack-plugin": "^5.3.0",
      "ts-node": "^10.4.0",
      "ts-node-dev": "^1.1.8",
      "tslib": "^2.3.1",
      "tslint": "^6.1.3",
      "typescript": "^4.5.4",
      "webpack": "^5.66.0",
      "webpack-cli": "^4.9.1",
      "webpack-dev-server": "^4.7.3"
    },
    "lint-staged": {
      "*.js": [
        "git add"
      ]
    },
    "main": "dist/app.js",
    "scripts": {
      "build": "cross-env NODE_ENV=production webpack --mode production",
      "client": "cross-env NODE_ENV=development webpack serve --mode development",
      "start": "cross-env NODE_ENV=production ts-node-dev --respawn --transpile-only src/server/app.ts",
      "server": "cross-env NODE_ENV=development ts-node-dev --respawn --transpile-only src/server/app.ts",
      "dev": "concurrently \"npm run server\" \"npm run client\""
    },
    "keywords": [
      "finance"
    ],
    "author": "Maxim Drozd",
    "license": "ISC",
    "dependencies": {
      "@reduxjs/toolkit": "^1.7.1",
      "express-ws": "^5.0.2",
      "js-base64": "^3.7.2",
      "node-telegram-bot-api": "^0.56.0",
      "normalize-scss": "^7.0.1",
      "npm-check-updates": "^12.1.0",
      "react": "^17.0.2",
      "react-dom": "^17.0.2",
      "redux-saga": "^1.1.3"
    }
  }

yarn manifest: 
  No manifest

Lockfile: 
  No lockfile
